  [1m[36m (130.2ms)[0m  [1mCREATE TABLE `schema_migrations` (`version` varchar(255) NOT NULL) ENGINE=InnoDB[0m
  [1m[35m (141.7ms)[0m  CREATE UNIQUE INDEX `unique_schema_migrations` ON `schema_migrations` (`version`)
  [1m[36m (0.1ms)[0m  [1mSELECT `schema_migrations`.`version` FROM `schema_migrations` [0m
  [1m[36m (86.8ms)[0m  [1mCREATE TABLE `schema_migrations` (`version` varchar(255) NOT NULL) ENGINE=InnoDB[0m
  [1m[35m (108.4ms)[0m  CREATE UNIQUE INDEX `unique_schema_migrations` ON `schema_migrations` (`version`)
  [1m[36m (0.2ms)[0m  [1mSELECT `schema_migrations`.`version` FROM `schema_migrations` [0m
  [1m[35m (0.2ms)[0m  
 SELECT fk.referenced_table_name as 'to_table'
 ,fk.referenced_column_name as 'primary_key'
 ,fk.column_name as 'column'
 ,fk.constraint_name as 'name'
 FROM information_schema.key_column_usage fk
 WHERE fk.referenced_column_name is not null
 AND fk.table_schema = 'vish_development'
 AND fk.table_name = 'schema_migrations'
 
  [1m[36m (31.0ms)[0m  [1mSHOW CREATE TABLE `schema_migrations`[0m
  [1m[36m (95.4ms)[0m  [1mCREATE TABLE `schema_migrations` (`version` varchar(255) NOT NULL) ENGINE=InnoDB[0m
  [1m[35m (110.1ms)[0m  CREATE UNIQUE INDEX `unique_schema_migrations` ON `schema_migrations` (`version`)
  [1m[36m (0.1ms)[0m  [1mSELECT version FROM `schema_migrations`[0m
  [1m[35m (82.3ms)[0m  INSERT INTO `schema_migrations` (version) VALUES ('0')
  [1m[36m (0.2ms)[0m  [1mSELECT `schema_migrations`.`version` FROM `schema_migrations` [0m
  [1m[36m (105.1ms)[0m  [1mCREATE TABLE `schema_migrations` (`version` varchar(255) NOT NULL) ENGINE=InnoDB[0m
  [1m[35m (100.0ms)[0m  CREATE UNIQUE INDEX `unique_schema_migrations` ON `schema_migrations` (`version`)
  [1m[36m (0.6ms)[0m  [1mSELECT version FROM `schema_migrations`[0m
  [1m[35m (65.4ms)[0m  INSERT INTO `schema_migrations` (version) VALUES ('0')
  [1m[36m (0.1ms)[0m  [1mSELECT `schema_migrations`.`version` FROM `schema_migrations` [0m
  [1m[36m (109.9ms)[0m  [1mCREATE TABLE `schema_migrations` (`version` varchar(255) NOT NULL) ENGINE=InnoDB[0m
  [1m[35m (100.1ms)[0m  CREATE UNIQUE INDEX `unique_schema_migrations` ON `schema_migrations` (`version`)
  [1m[36m (0.5ms)[0m  [1mSELECT version FROM `schema_migrations`[0m
  [1m[35m (73.8ms)[0m  INSERT INTO `schema_migrations` (version) VALUES ('0')
  [1m[36m (0.1ms)[0m  [1mSELECT `schema_migrations`.`version` FROM `schema_migrations` [0m
  [1m[36m (100.5ms)[0m  [1mCREATE TABLE `schema_migrations` (`version` varchar(255) NOT NULL) ENGINE=InnoDB[0m
  [1m[35m (101.6ms)[0m  CREATE UNIQUE INDEX `unique_schema_migrations` ON `schema_migrations` (`version`)
  [1m[36m (0.1ms)[0m  [1mSELECT version FROM `schema_migrations`[0m
  [1m[35m (66.0ms)[0m  INSERT INTO `schema_migrations` (version) VALUES ('0')
  [1m[36m (0.1ms)[0m  [1mSELECT `schema_migrations`.`version` FROM `schema_migrations` [0m


Started GET "/assets/rails.png" for 127.0.0.1 at 2012-01-12 15:37:34 +0100
Served asset /rails.png - 200 OK (5ms)


Started GET "/groups" for 127.0.0.1 at 2012-01-12 15:37:43 +0100
Creating scope :page. Overwriting existing method Message.page.
DEPRECATION WARNING: class_inheritable_attribute is deprecated, please use class_attribute method instead. Notice their behavior are slightly different, so refer to class_attribute documentation first. (called from synchronize at <internal:prelude>:10)
Creating scope :page. Overwriting existing method Video.page.
Creating scope :page. Overwriting existing method Audio.page.
Creating scope :page. Overwriting existing method Picture.page.
  Processing by GroupsController#index as HTML
Completed 500 Internal Server Error in 327ms

NoMethodError (undefined method `user_signed_in?' for #<GroupsController:0x000000053a95d0>):
  

Rendered /usr/lib/ruby/gems/1.9.1/gems/actionpack-3.1.3/lib/action_dispatch/middleware/templates/rescues/_trace.erb (1.0ms)
Rendered /usr/lib/ruby/gems/1.9.1/gems/actionpack-3.1.3/lib/action_dispatch/middleware/templates/rescues/_request_and_response.erb (0.8ms)
Rendered /usr/lib/ruby/gems/1.9.1/gems/actionpack-3.1.3/lib/action_dispatch/middleware/templates/rescues/diagnostics.erb within rescues/layout (40.6ms)
